<?xml version="1.0" encoding="UTF-8"?>
<testng-results skipped="0" failed="0" total="1" passed="1">
  <reporter-output>
  </reporter-output>
  <suite name="Suite" duration-ms="23409" started-at="2019-03-27T12:43:37Z" finished-at="2019-03-27T12:44:00Z">
    <groups>
    </groups>
    <test name="Test" duration-ms="23409" started-at="2019-03-27T12:43:37Z" finished-at="2019-03-27T12:44:00Z">
      <class name="mvnproject.Demo1">
        <test-method status="PASS" signature="test()[pri:0, instance:mvnproject.Demo1@604ed9f0]" name="test" duration-ms="23346" started-at="2019-03-27T18:13:37Z" finished-at="2019-03-27T18:14:00Z">
          <reporter-output>
          </reporter-output>
        </test-method> <!-- test -->
      </class> <!-- mvnproject.Demo1 -->
    </test> <!-- Test -->
  </suite> <!-- Suite -->
</testng-results>
