<?xml version="1.0" encoding="UTF-8"?>
<testng-results skipped="0" failed="0" ignored="0" total="1" passed="1">
  <reporter-output>
  </reporter-output>
  <suite name="Suite" duration-ms="19429" started-at="2019-03-27T12:46:06Z" finished-at="2019-03-27T12:46:25Z">
    <groups>
    </groups>
    <test name="Test" duration-ms="19429" started-at="2019-03-27T12:46:06Z" finished-at="2019-03-27T12:46:25Z">
      <class name="mvnproject.Demo1">
        <test-method status="PASS" signature="test()[pri:0, instance:mvnproject.Demo1@21bcffb5]" name="test" duration-ms="19378" started-at="2019-03-27T12:46:06Z" finished-at="2019-03-27T12:46:25Z">
          <reporter-output>
          </reporter-output>
        </test-method> <!-- test -->
      </class> <!-- mvnproject.Demo1 -->
    </test> <!-- Test -->
  </suite> <!-- Suite -->
</testng-results>
